{
  "RSpec": {
    "coverage": {
      "/Users/manishkumar/Desktop/freshworks/test-repo-master/spec/controllers/account_activations_controller_spec.rb": [
        1,
        null,
        1,
        null,
        1,
        1,
        1,
        1,
        null,
        1,
        null,
        null,
        null,
        null,
        null,
        1,
        1,
        1,
        1,
        1,
        1,
        null,
        null,
        null,
        null,
        null
      ],
      "/Users/manishkumar/Desktop/freshworks/test-repo-master/spec/rails_helper.rb": [
        null,
        1,
        1,
        1,
        null,
        1,
        1,
        null,
        null,
        null,
        null,
        null,
        null,
        null,
        null,
        null,
        null,
        null,
        null,
        null,
        null,
        null,
        null,
        null,
        null,
        null,
        1,
        null,
        1,
        null,
        1,
        null,
        null,
        null,
        null,
        null,
        null,
        1,
        null,
        null,
        null,
        null,
        null,
        null,
        null,
        null,
        null,
        null,
        null,
        null,
        null,
        null,
        1,
        null,
        null,
        1,
        null,
        null,
        null,
        null
      ],
      "/Users/manishkumar/Desktop/freshworks/test-repo-master/config/environment.rb": [
        null,
        1,
        null,
        null,
        1
      ],
      "/Users/manishkumar/Desktop/freshworks/test-repo-master/config/application.rb": [
        1,
        null,
        1,
        null,
        null,
        null,
        1,
        null,
        1,
        1,
        null,
        null,
        null,
        null,
        null,
        null,
        null,
        null,
        null,
        null,
        null,
        null,
        null,
        1,
        null,
        1,
        1,
        1,
        null,
        null
      ],
      "/Users/manishkumar/Desktop/freshworks/test-repo-master/config/boot.rb": [
        1,
        null,
        1
      ],
      "/Users/manishkumar/Desktop/freshworks/test-repo-master/config/environments/test.rb": [
        1,
        null,
        null,
        null,
        null,
        null,
        null,
        1,
        null,
        null,
        null,
        null,
        1,
        null,
        null,
        null,
        null,
        null,
        null,
        1,
        1,
        null,
        null,
        1,
        null,
        null,
        1,
        null,
        null,
        null,
        null,
        1,
        null,
        null,
        1,
        null,
        null,
        1,
        null,
        null,
        null,
        1,
        null,
        1,
        1,
        1,
        null
      ],
      "/Users/manishkumar/Desktop/freshworks/test-repo-master/config/initializers/assets.rb": [
        null,
        null,
        null,
        1,
        null,
        null,
        null,
        null,
        null,
        null,
        null
      ],
      "/Users/manishkumar/Desktop/freshworks/test-repo-master/config/initializers/backtrace_silencers.rb": [
        null,
        null,
        null,
        null,
        null,
        null,
        null
      ],
      "/Users/manishkumar/Desktop/freshworks/test-repo-master/config/initializers/cookies_serializer.rb": [
        null,
        null,
        1
      ],
      "/Users/manishkumar/Desktop/freshworks/test-repo-master/config/initializers/filter_parameter_logging.rb": [
        null,
        null,
        null,
        1
      ],
      "/Users/manishkumar/Desktop/freshworks/test-repo-master/config/initializers/inflections.rb": [
        null,
        null,
        null,
        null,
        null,
        null,
        null,
        null,
        null,
        null,
        null,
        null,
        null,
        null,
        null,
        null
      ],
      "/Users/manishkumar/Desktop/freshworks/test-repo-master/config/initializers/mime_types.rb": [
        null,
        null,
        null,
        null
      ],
      "/Users/manishkumar/Desktop/freshworks/test-repo-master/config/initializers/session_store.rb": [
        null,
        null,
        1
      ],
      "/Users/manishkumar/Desktop/freshworks/test-repo-master/config/initializers/wrap_parameters.rb": [
        null,
        null,
        null,
        null,
        null,
        null,
        1,
        2,
        null,
        null,
        null,
        null,
        null,
        null
      ],
      "/Users/manishkumar/Desktop/freshworks/test-repo-master/spec/factories.rb": [
        1,
        1,
        1,
        1,
        1,
        1,
        1,
        1,
        1,
        null,
        null,
        1,
        1,
        1,
        null,
        null,
        1,
        1,
        1,
        1,
        1,
        null,
        null,
        1,
        1,
        1,
        null,
        null,
        1,
        1,
        1,
        1,
        null,
        null,
        null
      ],
      "/Users/manishkumar/Desktop/freshworks/test-repo-master/config/routes.rb": [
        1,
        1,
        1,
        1,
        1,
        1,
        1,
        1,
        1,
        1,
        1,
        1,
        1,
        1,
        1,
        1,
        1,
        1,
        1,
        1,
        1,
        1,
        1,
        1,
        1,
        1,
        1,
        null
      ],
      "/Users/manishkumar/Desktop/freshworks/test-repo-master/app/helpers/account_activations_helper.rb": [
        1,
        null
      ],
      "/Users/manishkumar/Desktop/freshworks/test-repo-master/app/helpers/application_helper.rb": [
        1,
        1,
        0,
        null,
        null
      ],
      "/Users/manishkumar/Desktop/freshworks/test-repo-master/app/helpers/carts_helper.rb": [
        1,
        null
      ],
      "/Users/manishkumar/Desktop/freshworks/test-repo-master/app/helpers/order_food_items_helper.rb": [
        1,
        null
      ],
      "/Users/manishkumar/Desktop/freshworks/test-repo-master/app/helpers/orders_helper.rb": [
        1,
        null
      ],
      "/Users/manishkumar/Desktop/freshworks/test-repo-master/app/helpers/sessions_helper.rb": [
        1,
        null,
        null,
        1,
        4,
        null,
        null,
        null,
        1,
        1,
        1,
        1,
        null,
        null,
        null,
        1,
        1,
        null,
        null,
        null,
        1,
        6,
        5,
        1,
        0,
        0,
        0,
        0,
        null,
        null,
        null,
        null,
        null,
        1,
        2,
        null,
        null,
        null,
        1,
        null,
        3,
        3,
        3,
        null,
        null,
        null,
        1,
        1,
        1,
        1,
        null,
        null,
        null,
        1,
        1,
        1,
        null,
        null,
        null,
        null,
        null,
        null,
        null,
        null
      ],
      "/Users/manishkumar/Desktop/freshworks/test-repo-master/app/helpers/static_pages_helper.rb": [
        1,
        null
      ],
      "/Users/manishkumar/Desktop/freshworks/test-repo-master/app/helpers/users_helper.rb": [
        1,
        null,
        null,
        null,
        null,
        null,
        null,
        null
      ],
      "/Users/manishkumar/Desktop/freshworks/test-repo-master/app/controllers/account_activations_controller.rb": [
        1,
        1,
        2,
        2,
        0,
        0,
        0,
        0,
        null,
        2,
        2,
        null,
        null,
        null
      ],
      "/Users/manishkumar/Desktop/freshworks/test-repo-master/app/controllers/application_controller.rb": [
        1,
        null,
        null,
        1,
        1,
        null,
        null,
        1,
        null,
        null,
        null,
        null,
        null,
        null,
        null,
        1,
        1,
        21,
        1,
        1,
        1,
        null,
        0,
        null,
        null,
        null,
        21,
        20,
        20,
        null,
        null,
        null,
        null
      ],
      "/Users/manishkumar/Desktop/freshworks/test-repo-master/spec/controllers/carts_controller_spec.rb": [
        1,
        null,
        1,
        null,
        null,
        null,
        null,
        null,
        null,
        null,
        null,
        null
      ],
      "/Users/manishkumar/Desktop/freshworks/test-repo-master/app/controllers/carts_controller.rb": [
        1,
        1,
        0,
        null,
        null,
        1,
        0,
        0,
        0,
        0,
        null,
        null
      ],
      "/Users/manishkumar/Desktop/freshworks/test-repo-master/spec/controllers/order_food_items_controller_spec.rb": [
        1,
        null,
        1,
        null,
        null
      ],
      "/Users/manishkumar/Desktop/freshworks/test-repo-master/app/controllers/order_food_items_controller.rb": [
        1,
        1,
        0,
        0,
        0,
        0,
        0,
        0,
        0,
        null,
        0,
        0,
        0,
        0,
        0,
        null,
        0,
        0,
        null,
        null,
        null,
        null,
        null,
        null,
        null,
        null,
        null,
        null,
        null,
        null,
        null,
        1,
        0,
        0,
        0,
        0,
        null,
        null,
        1,
        0,
        0,
        0,
        null,
        0,
        0,
        null,
        null,
        1,
        0,
        0,
        0,
        null,
        null,
        1,
        1,
        0,
        null,
        null,
        null
      ],
      "/Users/manishkumar/Desktop/freshworks/test-repo-master/spec/controllers/orders_controller_spec.rb": [
        1,
        null,
        1,
        null,
        1,
        1,
        1,
        1,
        null,
        null,
        null,
        null,
        null,
        null,
        null,
        null,
        null,
        null,
        1,
        1,
        1,
        1,
        null,
        null,
        null,
        null
      ],
      "/Users/manishkumar/Desktop/freshworks/test-repo-master/app/controllers/orders_controller.rb": [
        1,
        1,
        null,
        null,
        1,
        null,
        null,
        1,
        null,
        null
      ],
      "/Users/manishkumar/Desktop/freshworks/test-repo-master/spec/controllers/sessions_controller_spec.rb": [
        1,
        null,
        null,
        1,
        1,
        1,
        1,
        1,
        1,
        1,
        1,
        null,
        null,
        null,
        1,
        1,
        1,
        1,
        1,
        1,
        null,
        null,
        null,
        1,
        1,
        1,
        1,
        1,
        1,
        null,
        1,
        1,
        1,
        1,
        1,
        1,
        null,
        null,
        null,
        1,
        1,
        1,
        1,
        null,
        null,
        null,
        1,
        1,
        1,
        1,
        1,
        1,
        1,
        1,
        1,
        null,
        null,
        null,
        null
      ],
      "/Users/manishkumar/Desktop/freshworks/test-repo-master/app/controllers/sessions_controller.rb": [
        1,
        1,
        1,
        null,
        null,
        1,
        4,
        4,
        3,
        3,
        3,
        null,
        1,
        1,
        null,
        null,
        null,
        1,
        2,
        2,
        null,
        null,
        null
      ],
      "/Users/manishkumar/Desktop/freshworks/test-repo-master/spec/controllers/static_pages_controller_spec.rb": [
        1,
        null,
        1,
        null,
        null
      ],
      "/Users/manishkumar/Desktop/freshworks/test-repo-master/app/controllers/static_pages_controller.rb": [
        1,
        1,
        null,
        null,
        1,
        null,
        null,
        1,
        null,
        null,
        1,
        null,
        null
      ],
      "/Users/manishkumar/Desktop/freshworks/test-repo-master/spec/controllers/users_controller_spec.rb": [
        1,
        null,
        1,
        null,
        1,
        1,
        1,
        1,
        null,
        null,
        null,
        1,
        1,
        1,
        1,
        null,
        null,
        null,
        1,
        1,
        1,
        1,
        null,
        null,
        null,
        1,
        1,
        1,
        1,
        null,
        null,
        null,
        1,
        1,
        1,
        1,
        null,
        null,
        null,
        1,
        1,
        1,
        1,
        null,
        null,
        null,
        1,
        1,
        1,
        1,
        null,
        null,
        null,
        1,
        1,
        1,
        1,
        null,
        null,
        null,
        null,
        1,
        1,
        1,
        1,
        null,
        null,
        null,
        1,
        1,
        1,
        null,
        1,
        1,
        1,
        null,
        null,
        null,
        12,
        null,
        null,
        null,
        null,
        null,
        null,
        1,
        1,
        1,
        1,
        1,
        1,
        1,
        null,
        null,
        null,
        null,
        null
      ],
      "/Users/manishkumar/Desktop/freshworks/test-repo-master/app/controllers/users_controller.rb": [
        1,
        1,
        1,
        null,
        null,
        1,
        2,
        2,
        1,
        1,
        1,
        null,
        1,
        null,
        null,
        null,
        4,
        null,
        3,
        1,
        null,
        2,
        2,
        2,
        1,
        1,
        null,
        null,
        1,
        null,
        null,
        null,
        1,
        1,
        null,
        null,
        5,
        null,
        4,
        4,
        4,
        2,
        2,
        2,
        2,
        2,
        2,
        1,
        null,
        1,
        null,
        1,
        null,
        null,
        1,
        null,
        null,
        null,
        1,
        null,
        1,
        2,
        null,
        null,
        null,
        null
      ],
      "/Users/manishkumar/Desktop/freshworks/test-repo-master/spec/helpers/carts_helper_spec.rb": [
        1,
        null,
        null,
        null,
        null,
        null,
        null,
        null,
        null,
        null,
        null,
        null,
        1,
        1,
        null
      ],
      "/Users/manishkumar/Desktop/freshworks/test-repo-master/spec/helpers/order_food_items_helper_spec.rb": [
        1,
        null,
        null,
        null,
        null,
        null,
        null,
        null,
        null,
        null,
        null,
        null,
        1,
        1,
        null
      ],
      "/Users/manishkumar/Desktop/freshworks/test-repo-master/spec/helpers/orders_helper_spec.rb": [
        1,
        null,
        null,
        null,
        null,
        null,
        null,
        null,
        null,
        null,
        null,
        null,
        1,
        1,
        null
      ],
      "/Users/manishkumar/Desktop/freshworks/test-repo-master/spec/models/cart_spec.rb": [
        1,
        null,
        1,
        1,
        null
      ],
      "/Users/manishkumar/Desktop/freshworks/test-repo-master/app/models/cart.rb": [
        1,
        1,
        1,
        1,
        null,
        null,
        1,
        0,
        0,
        0,
        null,
        0,
        null,
        null
      ],
      "/Users/manishkumar/Desktop/freshworks/test-repo-master/app/models/application_record.rb": [
        1,
        1,
        null
      ],
      "/Users/manishkumar/Desktop/freshworks/test-repo-master/spec/models/order_food_item_spec.rb": [
        1,
        null,
        1,
        1,
        null
      ],
      "/Users/manishkumar/Desktop/freshworks/test-repo-master/app/models/order_food_item.rb": [
        1,
        1,
        1,
        1,
        1,
        null,
        null,
        1,
        0,
        null,
        null
      ],
      "/Users/manishkumar/Desktop/freshworks/test-repo-master/spec/views/carts/show.html.erb_spec.rb": [
        1,
        null,
        1,
        1,
        null
      ],
      "/Users/manishkumar/Desktop/freshworks/test-repo-master/spec/views/orders/index.html.erb_spec.rb": [
        1,
        null,
        1,
        1,
        null
      ],
      "/Users/manishkumar/Desktop/freshworks/test-repo-master/spec/views/orders/new.html.erb_spec.rb": [
        1,
        null,
        1,
        1,
        null
      ],
      "/Users/manishkumar/Desktop/freshworks/test-repo-master/spec/views/orders/show.html.erb_spec.rb": [
        1,
        null,
        1,
        1,
        null
      ],
      "/Users/manishkumar/Desktop/freshworks/test-repo-master/spec/views/user/index.html.erb_spec.rb": [
        1,
        null,
        1,
        1,
        null
      ],
      "/Users/manishkumar/Desktop/freshworks/test-repo-master/spec/views/user/show.html.erb_spec.rb": [
        1,
        null,
        1,
        1,
        null
      ],
      "/Users/manishkumar/Desktop/freshworks/test-repo-master/app/models/user.rb": [
        1,
        1,
        12,
        1,
        1,
        1,
        1,
        1,
        null,
        1,
        1,
        null,
        null,
        1,
        8,
        null,
        8,
        null,
        null,
        null,
        1,
        8,
        null,
        null,
        null,
        1,
        1,
        1,
        null,
        null,
        null,
        1,
        2,
        2,
        2,
        null,
        null,
        null,
        1,
        3,
        null,
        null,
        null,
        1,
        1,
        null,
        null,
        null,
        1,
        1,
        1,
        null,
        null,
        1,
        null,
        null,
        null,
        null,
        null,
        null,
        1,
        7,
        7,
        null,
        null,
        null
      ],
      "/Users/manishkumar/Desktop/freshworks/test-repo-master/app/models/restaurant.rb": [
        1,
        1,
        1,
        1,
        1,
        null,
        null
      ],
      "/Users/manishkumar/Desktop/freshworks/test-repo-master/app/models/foodcategory.rb": [
        1,
        1,
        1,
        1,
        1,
        1,
        null,
        1,
        null
      ],
      "/Users/manishkumar/Desktop/freshworks/test-repo-master/app/models/food_category_list.rb": [
        1,
        1,
        1,
        null
      ],
      "/Users/manishkumar/Desktop/freshworks/test-repo-master/app/models/foodlist.rb": [
        1,
        1,
        1,
        1,
        1,
        null
      ],
      "/Users/manishkumar/Desktop/freshworks/test-repo-master/app/models/food.rb": [
        1,
        1,
        null,
        1,
        1,
        1,
        null
      ],
      "/Users/manishkumar/Desktop/freshworks/test-repo-master/app/mailers/user_mailer.rb": [
        1,
        null,
        1,
        1,
        1,
        null,
        null
      ],
      "/Users/manishkumar/Desktop/freshworks/test-repo-master/app/mailers/application_mailer.rb": [
        1,
        1,
        1,
        null,
        null
      ]
    },
    "timestamp": 1577105972
  }
}
